=============================
The metadata information:
=============================
metadata->magic_num: 0x86a80294635d0e4c
metadata->version: 0x100000004
metadata->size: 0x1070
metadata->tcs_policy: 0x1
metadata->ssa_frame_size: 0x1
metadata->max_save_buffer_size: 0xa80
metadata->desired_misc_select: 0x0
metadata->enclave_size: 0x8000000
metadata->attributes.flags: 0x4
metadata->attributes.xfrm: 0xe7
metadata->enclave_css.header.header:
0x06 0x00 0x00 0x00 0xe1 0x00 0x00 0x00 0x00 0x00 0x01 0x00 
metadata->enclave_css.header.type: 0x0
metadata->enclave_css.header.module_vendor: 0x0
metadata->enclave_css.header.date: 0x20240202
metadata->enclave_css.header.header2:
0x01 0x01 0x00 0x00 0x60 0x00 0x00 0x00 0x60 0x00 0x00 0x00 0x01 0x00 0x00 0x00 
metadata->enclave_css.header.hw_version: 0x0
metadata->enclave_css.key.modulus:
0x1b 0x8a 0xc0 0x42 0xd3 0xd7 0xb4 0x26 0x96 0x98 0xf5 0x5e 0x5c 0xfb 0xfd 0x8f 
0x47 0x9f 0x0f 0x8d 0xf3 0x22 0xdb 0x31 0xba 0x51 0x69 0x28 0x38 0xfa 0x70 0x48 
0xad 0x3f 0x6a 0xf6 0x44 0xb6 0xa5 0x29 0xc5 0x6d 0xbb 0x22 0x77 0xeb 0x9a 0x00 
0x03 0x5b 0x7e 0xad 0x2f 0x75 0xff 0x94 0x3d 0x3d 0x7c 0xb9 0xb0 0xfe 0x0b 0x81 
0x1e 0x1a 0x19 0xb5 0xaf 0x0d 0xf5 0x17 0x1f 0xde 0xc1 0x33 0xe1 0xd6 0x13 0x92 
0x73 0xf1 0x1c 0x93 0xaf 0x7f 0x43 0x83 0xea 0x00 0x83 0xb7 0x01 0xad 0x9b 0xbf 
0x2b 0x00 0x02 0x0e 0x5f 0x6d 0xf0 0x41 0x83 0x32 0xc4 0x15 0x5a 0x35 0xdc 0x61 
0x3c 0x0c 0x9c 0xa5 0xff 0x8c 0x0e 0x95 0xb1 0x9c 0xbe 0xad 0xb9 0x0d 0x50 0x45 
0xcf 0x23 0x3d 0x4c 0xc8 0x1b 0x14 0xa2 0x49 0xee 0x59 0x08 0x59 0xbe 0x7b 0x14 
0xe9 0x8b 0xd7 0x76 0xee 0xa1 0x9d 0x3b 0x51 0x91 0x1d 0xe7 0x8e 0xd9 0x46 0xbb 
0xf5 0xda 0xb7 0xfd 0x1e 0xbf 0xdc 0x6a 0xc0 0xe9 0x85 0x71 0xb8 0x9f 0x2a 0xbb 
0x6e 0x08 0x34 0xca 0x5b 0xf7 0x9f 0xe7 0x8d 0x3a 0xdd 0x0b 0x82 0x3a 0xf7 0x28 
0xdb 0xf3 0xa1 0x65 0xb5 0x3f 0x57 0x38 0x14 0x29 0xd7 0x1b 0x3b 0x1f 0x6c 0xd4 
0x0b 0x05 0x3a 0xf5 0xd8 0x3d 0x70 0x02 0xbe 0xcf 0xd0 0xc3 0xed 0x48 0x9e 0x7e 
0x69 0x24 0x24 0x85 0xab 0xd0 0xab 0xdf 0x2b 0xde 0x6c 0x8b 0xa8 0x5d 0x53 0x33 
0xd6 0x3b 0xa7 0xa2 0x8d 0x70 0xc9 0x5f 0xc7 0xcc 0x35 0x2d 0xe4 0x39 0xd4 0x6b 
0xe8 0x61 0xbb 0x4c 0x18 0x55 0x80 0x4b 0x11 0x56 0x2c 0x23 0xb7 0x73 0x41 0xd6 
0x90 0xee 0x3a 0x1e 0xf8 0xce 0xe9 0x22 0x4e 0x81 0xf2 0xca 0xb2 0x73 0xf0 0x09 
0x87 0x3d 0x8f 0xa8 0xdc 0x86 0x38 0xdb 0x8e 0x29 0x13 0x11 0x75 0xd9 0x70 0xbc 
0xac 0xd6 0xe5 0x31 0x62 0x6d 0x40 0xe2 0x99 0xcb 0x6e 0x05 0x71 0x59 0x08 0xc8 
0x38 0x01 0x54 0xa8 0x81 0x6c 0xbd 0xc9 0x42 0xa6 0x9c 0x98 0x26 0x16 0x04 0x88 
0xab 0x6f 0x78 0x62 0xef 0xb0 0x4e 0xdb 0x43 0xa1 0x0a 0x8a 0xdf 0xdd 0x6f 0xa8 
0x89 0x65 0x38 0xdf 0xea 0xff 0x57 0x6b 0x42 0x13 0xd3 0x9b 0x35 0xc1 0x7d 0x2c 
0x08 0xaf 0x3c 0x78 0x06 0x39 0x1c 0x89 0x9e 0xfb 0xa4 0x25 0x5c 0x5b 0x36 0xb2 
metadata->enclave_css.key.exponent:
0x03 0x00 0x00 0x00 
metadata->enclave_css.key.signature:
0xce 0x09 0x16 0x88 0x1f 0xf4 0xd2 0xc7 0xd9 0x35 0xdc 0xd8 0xe6 0x4b 0x1d 0x92 
0x97 0x20 0x77 0x37 0x83 0xfc 0x40 0x53 0xd7 0x14 0x40 0xd6 0x3a 0x87 0x1e 0x3b 
0x90 0xa7 0x35 0xaf 0x0e 0xb9 0xbb 0x84 0xde 0x7a 0x2b 0x18 0x38 0x0a 0x53 0x0d 
0xe7 0x5b 0xdd 0x89 0x2c 0xef 0x7e 0x2c 0x83 0xbb 0x77 0xee 0x75 0xc3 0x4f 0x38 
0x6b 0xee 0x79 0xf8 0xb7 0xc1 0x97 0x7c 0x9f 0xb9 0xf1 0x3d 0x63 0x4b 0x78 0x74 
0xa4 0xb0 0xda 0x75 0x42 0xc5 0x29 0xdf 0x67 0x36 0xf3 0xda 0xfd 0x55 0x91 0xa5 
0x7b 0xd9 0xd1 0x52 0x1b 0xfe 0xe3 0xc7 0x46 0xae 0x71 0xe6 0x1d 0x66 0x5b 0x51 
0xea 0x32 0x45 0x32 0xf4 0x2d 0x98 0xbf 0xde 0x43 0x3a 0x91 0x0d 0x81 0x47 0xf4 
0x04 0x4a 0x48 0xb1 0xaf 0xf7 0x34 0xf6 0xdf 0x65 0xde 0x9d 0x40 0xa0 0x0f 0x23 
0xd4 0xbe 0xc2 0xdd 0x90 0x95 0xa7 0x27 0xc2 0xa6 0xe8 0x6a 0xf2 0x10 0x1e 0xef 
0x08 0x59 0xfb 0x99 0xed 0x4b 0x7f 0x67 0x5b 0xf7 0x42 0x3d 0x73 0x75 0xa5 0xbc 
0xda 0x5d 0x98 0x82 0xc5 0xf1 0x2b 0x01 0xd7 0xc5 0x48 0xf7 0x7c 0x1d 0x67 0xf6 
0x92 0x29 0x79 0xf2 0x20 0x03 0xde 0x6b 0x9d 0xc1 0x7c 0xc4 0x9a 0x57 0x2d 0xa7 
0xcf 0x03 0x28 0x43 0x86 0x25 0x41 0xd1 0xdd 0xe8 0x35 0xa8 0xf6 0x27 0x72 0x52 
0x73 0xe8 0xd4 0xb9 0xfa 0xa6 0xc7 0x01 0x19 0x81 0x72 0xb6 0xb0 0x62 0xf3 0x7e 
0xe7 0x5e 0x04 0x79 0x9f 0x38 0x0c 0x7e 0x1e 0x3f 0xf6 0x2a 0x2e 0x87 0x05 0xd0 
0x09 0xb1 0x08 0xc9 0xef 0x5c 0x34 0xa9 0xc4 0x6e 0xd0 0xff 0x43 0x45 0x7b 0x92 
0x1d 0x07 0x6a 0x56 0x20 0xd9 0x9b 0x7a 0x90 0xaa 0xa8 0x30 0xff 0xbf 0xc6 0x34 
0x2e 0x38 0x18 0x84 0x27 0x08 0x28 0x91 0xf5 0x2f 0xcc 0x18 0xef 0xef 0x65 0x22 
0x0a 0x19 0x0c 0x6a 0x7b 0xb7 0x78 0x92 0x27 0x74 0xcb 0x2d 0x89 0x16 0x31 0xad 
0xdb 0x0b 0xc9 0x67 0x81 0x3d 0xb0 0x16 0x79 0x60 0xab 0x9a 0x0b 0xb1 0x5d 0x93 
0x9b 0x90 0x20 0xd2 0xb9 0x1e 0x6d 0x6b 0xd0 0xb5 0x2a 0x48 0x9b 0x2e 0xe4 0x59 
0x9c 0xb8 0xc7 0x5a 0xb4 0xec 0x02 0x44 0xf5 0xab 0xa9 0xeb 0x4e 0x43 0x92 0xb9 
0xbd 0x8f 0x5e 0xe2 0x67 0xe7 0xc1 0xbe 0x58 0x0c 0x47 0x77 0x18 0x06 0x58 0x93 
metadata->enclave_css.body.misc_select: 0x0
metadata->enclave_css.body.misc_mask: 0xffffffff
metadata->enclave_css.body.attributes.flags: 0x4
metadata->enclave_css.body.attributes.xfrm: 0x3
metadata->enclave_css.body.attribute_mask.flags: 0xff00fffffffffffd
metadata->enclave_css.body.attribute_mask.xfrm: 0xffffffffffffff1b
metadata->enclave_css.body.enclave_hash.m:
0x36 0x54 0x4a 0xf1 0x58 0x9f 0xda 0x96 0x7c 0x33 0x5f 0xdb 0xe8 0xe1 0xb1 0x36 
0x10 0xd2 0x46 0xcb 0xae 0xde 0x41 0x58 0x18 0x23 0x54 0x70 0x25 0x9e 0xa3 0x00 
metadata->enclave_css.body.isv_prod_id: 0x0
metadata->enclave_css.body.isv_svn: 0x0
metadata->enclave_css.buffer.q1:
0x75 0x9c 0xc2 0x4c 0xef 0x1b 0xf7 0x6b 0xda 0x76 0xb8 0xc0 0xa9 0xbb 0x19 0x1d 
0x52 0xa4 0xfe 0x8e 0x26 0x71 0xcc 0x90 0xa5 0xb7 0x80 0xc8 0x29 0xa3 0x03 0x4a 
0xe9 0xf4 0xcd 0x24 0x1a 0xf4 0x02 0x8c 0xb7 0x57 0xb6 0x97 0x5b 0xfd 0x59 0xfa 
0xbc 0x96 0x15 0xe8 0xba 0x3a 0x8f 0xa3 0xfe 0xb1 0xd5 0xf4 0x90 0x74 0xae 0x76 
0x65 0x86 0xc6 0x94 0xc8 0x2d 0xf6 0xfd 0x6f 0x4e 0xb3 0x44 0x02 0x71 0x15 0x52 
0xfc 0x3a 0xc6 0x60 0x54 0xd1 0x50 0xbe 0xe5 0x2a 0x9e 0x2a 0x89 0x47 0x1e 0x7e 
0xda 0x61 0x71 0x0d 0x9e 0xae 0xfa 0x97 0xb7 0x2a 0x16 0x17 0xa4 0xb1 0x2b 0x66 
0x0b 0x7d 0x6a 0x27 0x0d 0x59 0xaa 0xd8 0x6c 0xcd 0x05 0x7f 0xbe 0x9f 0xf6 0x0f 
0xbc 0xf5 0x5b 0x70 0x73 0x0d 0xd8 0x36 0x3e 0xb3 0x89 0x1b 0x05 0xf7 0xd6 0xbe 
0x9b 0x3f 0x43 0x01 0x46 0x6b 0x06 0xed 0x53 0x22 0x27 0x9c 0x5f 0xf6 0xec 0x4b 
0x8b 0x8d 0xaf 0xa0 0x53 0xa8 0x1b 0xb3 0x10 0x37 0x3d 0x73 0x76 0x5f 0x78 0x4d 
0xfc 0x73 0xd4 0xb7 0x6c 0xac 0x98 0x11 0x1c 0x3d 0xbe 0x96 0x30 0x27 0x21 0x0c 
0x85 0x5d 0xa7 0x53 0x1e 0xb3 0x0c 0xab 0x9f 0x82 0xfb 0x5f 0xdf 0xe6 0x6e 0x48 
0x0e 0xf3 0x1f 0xd6 0xdc 0xb6 0x3a 0xf1 0x0a 0x4e 0x2e 0x86 0xfd 0x57 0xc1 0x13 
0xcd 0x01 0xc2 0x24 0x0b 0xb6 0xc9 0x3b 0x75 0xf7 0x9f 0x7c 0x12 0x24 0xcc 0xe8 
0x17 0xe0 0x19 0x0e 0x5c 0x5c 0x6d 0x9f 0x6e 0x9e 0xbb 0x61 0x2a 0x82 0xa3 0x58 
0xf5 0x57 0xde 0xbd 0x0b 0x32 0x0b 0xe9 0xb0 0xf0 0x32 0x50 0xb2 0xdd 0x1d 0x23 
0xc2 0x86 0x18 0xa6 0xae 0x49 0xd1 0x9f 0x9f 0x58 0xbe 0x93 0xd9 0x91 0xf4 0xd0 
0xa7 0x98 0xe1 0xfa 0xc3 0x21 0x8d 0x62 0x2d 0x17 0x00 0xf4 0xa9 0x8c 0xc0 0x81 
0x20 0x8c 0x91 0x9e 0xd4 0x4d 0x55 0x70 0x47 0x02 0xbd 0x9c 0xb4 0x78 0xab 0x47 
0x81 0x1f 0x0d 0x29 0x62 0x76 0x2b 0x8f 0x2b 0xa4 0xbe 0x8d 0x51 0xec 0x01 0x20 
0xe7 0x14 0x13 0x1e 0x01 0x5f 0x44 0xae 0xe6 0xf1 0x10 0x67 0x5a 0x95 0x2f 0xaa 
0x50 0x15 0x4f 0xe1 0xad 0xae 0xbd 0xcb 0xff 0x2c 0x1b 0x91 0x4e 0xb3 0x7e 0x62 
0xbf 0xd1 0x12 0xc1 0xe6 0xb6 0x92 0x0a 0xa9 0x17 0x65 0xa5 0xf0 0x77 0xd2 0x79 
metadata->enclave_css.buffer.q2:
0xf4 0x11 0xcc 0x98 0xfd 0xcb 0x3d 0x60 0x15 0xd0 0x9d 0x98 0x0a 0xd5 0xf9 0xbc 
0xc7 0x14 0x29 0xfe 0x00 0x32 0xf8 0xa6 0x5d 0xb6 0x7d 0x5f 0x5f 0x65 0xf4 0x58 
0x96 0xc2 0x69 0xa2 0xca 0x30 0xbb 0xb9 0x34 0xfd 0x02 0xde 0x0d 0xef 0x9d 0xac 
0xf2 0x8e 0xd2 0xc9 0x31 0xcb 0x1f 0x37 0x2e 0xe7 0xda 0x2e 0x3f 0x7f 0x6b 0x70 
0x60 0x65 0x01 0xd7 0xec 0xbd 0x23 0x4b 0x83 0x0c 0xc5 0xdd 0x5e 0x25 0x43 0xff 
0x4f 0xcc 0x3c 0x95 0x01 0x4c 0x09 0x5f 0xf9 0x15 0xea 0x6e 0x91 0xcb 0x05 0x9c 
0x3a 0x24 0x7a 0x06 0xd0 0x7a 0xe9 0x6d 0x28 0xb0 0x46 0x7e 0x6c 0xab 0xb5 0x4c 
0x26 0x45 0xcc 0x89 0x65 0x3c 0x32 0xa8 0xd7 0xd3 0x91 0xc9 0xd5 0xc2 0x63 0xd1 
0x9d 0xfb 0xc4 0x32 0xc8 0x40 0x00 0x47 0xbb 0x9d 0x4d 0xc6 0xe1 0x17 0xf3 0x03 
0xf4 0x1d 0x3e 0x5b 0x89 0xe0 0x3f 0xb0 0xea 0x63 0x89 0x2f 0x34 0x23 0xcd 0xaa 
0xb5 0x08 0xff 0xb9 0x7b 0x87 0xa8 0xa1 0x86 0xf9 0x3e 0x2f 0x1d 0xba 0x70 0x26 
0x87 0x25 0x00 0x05 0x71 0x0e 0xac 0x7c 0x59 0xc6 0xfc 0xf4 0xda 0x65 0x0f 0xac 
0x6e 0x9c 0xaa 0x81 0x0d 0x43 0x5e 0x09 0x08 0x7c 0x97 0xed 0x22 0x16 0x65 0x85 
0xaf 0x37 0xf3 0xe8 0x35 0x4c 0xda 0x0f 0x7a 0xaf 0xb8 0x2a 0xc4 0x77 0x1f 0xde 
0x1a 0x4e 0x9f 0x2a 0x8d 0xd2 0x2f 0x17 0x45 0xb5 0x81 0x95 0x78 0x91 0xad 0x1a 
0x3c 0xba 0x5a 0xe9 0x04 0xa0 0xb5 0xbe 0xd4 0xa8 0x59 0xaa 0xdf 0x28 0x85 0xfc 
0x07 0xc3 0x77 0x53 0x0e 0xdb 0x6b 0x94 0x5e 0x2b 0x17 0x6d 0xd3 0x24 0x3a 0xd3 
0x03 0x31 0x9e 0xa4 0xb7 0x86 0x40 0x25 0xf0 0xf1 0x33 0x27 0x18 0x87 0x72 0x9a 
0xab 0xba 0x96 0x68 0xce 0x9b 0x56 0x81 0xba 0x95 0x30 0x5f 0x29 0xc5 0x7a 0xb1 
0x80 0x0d 0x35 0xcb 0xb2 0xfe 0xec 0x67 0x7a 0xb2 0x13 0xff 0x2d 0xcc 0x2d 0x14 
0xa5 0x3b 0x03 0xd9 0xa5 0xb4 0xe4 0x82 0x04 0xe8 0x9d 0x91 0x26 0x95 0x0b 0x54 
0xcb 0xab 0x6e 0x1b 0x21 0xbe 0xb5 0xc2 0x05 0x8f 0x56 0x16 0xbe 0x09 0x55 0x05 
0x91 0x01 0x5f 0xb9 0x94 0xe7 0x6f 0xf5 0xf5 0x94 0xea 0xf0 0x76 0xd4 0x37 0xbe 
0x52 0xac 0x05 0x40 0x09 0x19 0x2b 0x7a 0x46 0x46 0xbf 0x68 0xc3 0x25 0x77 0x41 


===================
The mrsigner value:
===================
mrsigner->value:
0x7a 0xb2 0xd5 0x86 0x70 0x2a 0x7c 0x86 0x75 0xad 0xc2 0xb4 0xb7 0x75 0xef 0x0a 
0x37 0x2e 0xd3 0xaa 0x76 0x4d 0xee 0xc0 0x0c 0x87 0xf7 0xb3 0xc7 0x32 0x73 0x30 
